Arguments: 
  /Users/kun/.nvm/versions/node/v12.8.0/bin/node /usr/local/Cellar/yarn/1.15.2/libexec/bin/yarn.js

PATH: 
  /Users/kun/.nvm/versions/node/v12.8.0/bin:/Users/kun/.cargo/bin:/usr/local/bin:/usr/bin:/bin:/usr/sbin:/sbin:/Applications/VMware Fusion.app/Contents/Public:/opt/X11/bin:/Library/Frameworks/Mono.framework/Versions/Current/Commands:/Users/kun/.ksm/bin:/Users/kun/Projects/go/bin:/Users/kun/.deno/bin

Yarn version: 
  1.15.2

Node version: 
  12.8.0

Platform: 
  darwin x64

Trace: 
  SyntaxError: /Users/kun/Projects/Deno/bot/deno-test-bot/package.json: Unexpected token K in JSON at position 136
      at JSON.parse (<anonymous>)
      at /usr/local/Cellar/yarn/1.15.2/libexec/lib/cli.js:1625:59
      at Generator.next (<anonymous>)
      at step (/usr/local/Cellar/yarn/1.15.2/libexec/lib/cli.js:304:30)
      at /usr/local/Cellar/yarn/1.15.2/libexec/lib/cli.js:315:13

npm manifest: 
  {
    "name": "deno-test-bot",
    "version": "1.0.0",
    "description": "Bot that automatically runs deno tests",
    "author": "Kevin (Kun) "Kassimo" Qian <kevinkassimo@gmail.com>",
    "license": "ISC",
    "repository": "https://github.com//test-bot.git",
    "homepage": "https://github.com//test-bot",
    "bugs": "https://github.com//test-bot/issues",
    "keywords": [
      "probot",
      "github",
      "probot-app"
    ],
    "scripts": {
      "build": "tsc -p tsconfig.json",
      "dev": "nodemon --exec \"npm start\"",
      "start": "probot run ./lib/index.js",
      "lint": "standard **/*.ts --fix",
      "test": "jest && standard **/*.ts",
      "test:watch": "jest --watch --notify --notifyMode=change --coverage"
    },
    "dependencies": {
      "nock": "^10.0.0",
      "@types/nock": "^9.3.0",
      "probot": "^7.2.0"
    },
    "devDependencies": {
      "@types/jest": "^24.0.0",
      "@types/node": "^11.9.0",
      "eslint-plugin-typescript": "^0.14.0",
      "jest": "^24.0.0",
      "nodemon": "^1.17.2",
      "smee-client": "^1.0.2",
      "standard": "^12.0.1",
      "ts-jest": "^24.0.0",
      "typescript": "^3.3.1",
      "typescript-eslint-parser": "^22.0.0"
    },
    "engines": {
      "node": ">= 8.3.0"
    },
    "standard": {
      "parser": "typescript-eslint-parser",
      "env": [
        "jest"
      ],
      "plugins": [
        "typescript"
      ]
    },
    "jest": {
      "testEnvironment": "node"
    }
  }

yarn manifest: 
  No manifest

Lockfile: 
  No lockfile
